Start generating at 2018-04-21 13:52
Instance: ram (C:\Users\hasee\Desktop\996zzsz\zzzsz\ipcore\ram)
Model: Logos DRM Based Single Port RAM, Version 1.0
Family: Logos
Device: PGL22G
Package: BG256
Speed Grade: -7
Create directory 'rtl' ...
Copy 'rtl\ipml_spram_v1_0.v.xml' to 'rtl' ...
Compile file 'rtl\ipml_spram_v1_0.v.xml' to 'rtl\ipml_spram_v1_0_ram.v' ...
Copy 'ipml_spram_wrapper_v1_0.v.xml' ...
Compile file 'ipml_spram_wrapper_v1_0.v.xml' to 'ram.v' ...
Found module 'ram' in file 'ram.v'.
Copy 'ipml_spram_wrapper_v1_0_tb.v.xml' ...
Compile file 'ipml_spram_wrapper_v1_0_tb.v.xml' to 'ram_tb.v' ...
Copy 'init_param_bin_exmp.dat' ...
Copy 'init_param_hex_exmp.dat' ...
Run file 'createParam_sel.tcl' ...
Generate template file 'ram_tmpl.v' ...
Synthesis is disabled.
Done: 0 error(s), 0 warning(s)
